app/build/intermediates/manifest_merge_blame_file/debug/processDebugMainManifest/manifest-merger-blame-debug-report.txt
1<?xml version="1.0" encoding="utf-8"?>
2<manifest xmlns:android="http://schemas.android.com/apk/res/android"
3    package="com.example.android.notepad"
4    android:versionCode="2"
5    android:versionName="1.1" >
6
7    <uses-sdk
8        android:minSdkVersion="23"
9        android:targetSdkVersion="34" />
10
11    <!-- 权限配置：按Android版本分级授权 -->
12    <uses-permission
12-->src\main\AndroidManifest.xml:7:5-9:38
13        android:name="android.permission.READ_EXTERNAL_STORAGE"
13-->src\main\AndroidManifest.xml:8:9-64
14        android:maxSdkVersion="32" />
14-->src\main\AndroidManifest.xml:9:9-35
15    <uses-permission
15-->src\main\AndroidManifest.xml:10:5-12:38
16        android:name="android.permission.WRITE_EXTERNAL_STORAGE"
16-->src\main\AndroidManifest.xml:11:9-65
17        android:maxSdkVersion="32" />
17-->src\main\AndroidManifest.xml:12:9-35
18    <uses-permission
18-->src\main\AndroidManifest.xml:13:5-15:38
19        android:name="android.permission.READ_MEDIA_IMAGES"
19-->src\main\AndroidManifest.xml:14:9-60
20        android:minSdkVersion="33" />
20-->src\main\AndroidManifest.xml:15:9-35
21    <uses-permission
21-->src\main\AndroidManifest.xml:16:5-18:38
22        android:name="android.permission.READ_MEDIA_TEXTS"
22-->src\main\AndroidManifest.xml:17:9-59
23        android:minSdkVersion="33" />
23-->src\main\AndroidManifest.xml:18:9-35
24
25    <permission
25-->[androidx.core:core:1.13.0] AndroidManifest.xml:22:5-24:47
26        android:name="com.example.android.notepad.DYNAMIC_RECEIVER_NOT_EXPORTED_PERMISSION"
26-->[androidx.core:core:1.13.0] AndroidManifest.xml:23:9-81
27        android:protectionLevel="signature" />
27-->[androidx.core:core:1.13.0] AndroidManifest.xml:24:9-44
28
29    <uses-permission android:name="com.example.android.notepad.DYNAMIC_RECEIVER_NOT_EXPORTED_PERMISSION" />
29-->[androidx.core:core:1.13.0] AndroidManifest.xml:26:5-97
29-->[androidx.core:core:1.13.0] AndroidManifest.xml:26:22-94
30
31    <application
31-->src\main\AndroidManifest.xml:20:5-73:19
32        android:appComponentFactory="androidx.core.app.CoreComponentFactory"
32-->[androidx.core:core:1.13.0] AndroidManifest.xml:28:18-86
33        android:debuggable="true"
34        android:exported="true"
34-->src\main\AndroidManifest.xml:26:9-32
35        android:extractNativeLibs="false"
36        android:icon="@drawable/app_notes"
36-->src\main\AndroidManifest.xml:21:9-43
37        android:label="@string/app_name"
37-->src\main\AndroidManifest.xml:22:9-41
38        android:requestLegacyExternalStorage="true"
38-->src\main\AndroidManifest.xml:25:9-52
39        android:supportsRtl="true"
39-->src\main\AndroidManifest.xml:24:9-35
40        android:testOnly="true"
41        android:theme="@style/AppTheme.Light" >
41-->src\main\AndroidManifest.xml:23:9-46
42
43        <!-- 主活动：笔记列表 -->
44        <activity
44-->src\main\AndroidManifest.xml:30:9-39:20
45            android:name="com.example.android.notepad.NotesList"
45-->src\main\AndroidManifest.xml:31:13-38
46            android:exported="true"
46-->src\main\AndroidManifest.xml:33:13-36
47            android:label="title_note"
47-->src\main\AndroidManifest.xml:32:13-39
48            android:theme="@style/Theme.AppCompat.Light.DarkActionBar" >
48-->src\main\AndroidManifest.xml:34:13-71
49            <intent-filter>
49-->src\main\AndroidManifest.xml:35:13-38:29
50                <action android:name="android.intent.action.MAIN" />
50-->src\main\AndroidManifest.xml:36:17-69
50-->src\main\AndroidManifest.xml:36:25-66
51
52                <category android:name="android.intent.category.LAUNCHER" />
52-->src\main\AndroidManifest.xml:37:17-77
52-->src\main\AndroidManifest.xml:37:27-74
53            </intent-filter>
54        </activity>
55
56        <!-- 笔记编辑活动 -->
57        <activity
57-->src\main\AndroidManifest.xml:42:9-46:40
58            android:name="com.example.android.notepad.NoteEditor"
58-->src\main\AndroidManifest.xml:43:13-39
59            android:configChanges="orientation|keyboardHidden|screenSize"
59-->src\main\AndroidManifest.xml:45:13-74
60            android:exported="false"
60-->src\main\AndroidManifest.xml:46:13-37
61            android:theme="@style/Theme.AppCompat.Light.DarkActionBar" />
61-->src\main\AndroidManifest.xml:44:13-71
62
63        <!-- 设置活动 -->
64        <activity
64-->src\main\AndroidManifest.xml:49:9-53:53
65            android:name="com.example.android.notepad.SettingsActivity"
65-->src\main\AndroidManifest.xml:50:13-45
66            android:exported="false"
66-->src\main\AndroidManifest.xml:52:13-37
67            android:label="@string/settings_title"
67-->src\main\AndroidManifest.xml:51:13-51
68            android:theme="@style/AppTheme.Light" />
68-->src\main\AndroidManifest.xml:53:13-50
69
70        <!-- 笔记内容Provider -->
71        <provider
71-->src\main\AndroidManifest.xml:56:9-60:50
72            android:name="com.example.android.notepad.NotePadProvider"
72-->src\main\AndroidManifest.xml:57:13-44
73            android:authorities="com.example.android.notepad.provider"
73-->src\main\AndroidManifest.xml:58:13-71
74            android:exported="false"
74-->src\main\AndroidManifest.xml:59:13-37
75            android:grantUriPermissions="true" />
75-->src\main\AndroidManifest.xml:60:13-47
76
77        <!-- FileProvider：用于打开导出的TXT文件 -->
78        <provider
79            android:name="androidx.core.content.FileProvider"
79-->src\main\AndroidManifest.xml:64:13-62
80            android:authorities="com.example.android.notepad.fileprovider"
80-->src\main\AndroidManifest.xml:65:13-64
81            android:exported="false"
81-->src\main\AndroidManifest.xml:66:13-37
82            android:grantUriPermissions="true" >
82-->src\main\AndroidManifest.xml:67:13-47
83            <meta-data
83-->src\main\AndroidManifest.xml:68:13-70:63
84                android:name="android.support.FILE_PROVIDER_PATHS"
84-->src\main\AndroidManifest.xml:69:17-67
85                android:resource="@xml/file_provider_paths" />
85-->src\main\AndroidManifest.xml:70:17-60
86        </provider>
87        <provider
87-->[androidx.emoji2:emoji2:1.3.0] AndroidManifest.xml:24:9-32:20
88            android:name="androidx.startup.InitializationProvider"
88-->[androidx.emoji2:emoji2:1.3.0] AndroidManifest.xml:25:13-67
89            android:authorities="com.example.android.notepad.androidx-startup"
89-->[androidx.emoji2:emoji2:1.3.0] AndroidManifest.xml:26:13-68
90            android:exported="false" >
90-->[androidx.emoji2:emoji2:1.3.0] AndroidManifest.xml:27:13-37
91            <meta-data
91-->[androidx.emoji2:emoji2:1.3.0] AndroidManifest.xml:29:13-31:52
92                android:name="androidx.emoji2.text.EmojiCompatInitializer"
92-->[androidx.emoji2:emoji2:1.3.0] AndroidManifest.xml:30:17-75
93                android:value="androidx.startup" />
93-->[androidx.emoji2:emoji2:1.3.0] AndroidManifest.xml:31:17-49
94            <meta-data
94-->[androidx.lifecycle:lifecycle-process:2.6.2] AndroidManifest.xml:29:13-31:52
95                android:name="androidx.lifecycle.ProcessLifecycleInitializer"
95-->[androidx.lifecycle:lifecycle-process:2.6.2] AndroidManifest.xml:30:17-78
96                android:value="androidx.startup" />
96-->[androidx.lifecycle:lifecycle-process:2.6.2] AndroidManifest.xml:31:17-49
97            <meta-data
97-->[androidx.profileinstaller:profileinstaller:1.3.1] AndroidManifest.xml:29:13-31:52
98                android:name="androidx.profileinstaller.ProfileInstallerInitializer"
98-->[androidx.profileinstaller:profileinstaller:1.3.1] AndroidManifest.xml:30:17-85
99                android:value="androidx.startup" />
99-->[androidx.profileinstaller:profileinstaller:1.3.1] AndroidManifest.xml:31:17-49
100        </provider>
101
102        <receiver
102-->[androidx.profileinstaller:profileinstaller:1.3.1] AndroidManifest.xml:34:9-52:20
103            android:name="androidx.profileinstaller.ProfileInstallReceiver"
103-->[androidx.profileinstaller:profileinstaller:1.3.1] AndroidManifest.xml:35:13-76
104            android:directBootAware="false"
104-->[androidx.profileinstaller:profileinstaller:1.3.1] AndroidManifest.xml:36:13-44
105            android:enabled="true"
105-->[androidx.profileinstaller:profileinstaller:1.3.1] AndroidManifest.xml:37:13-35
106            android:exported="true"
106-->[androidx.profileinstaller:profileinstaller:1.3.1] AndroidManifest.xml:38:13-36
107            android:permission="android.permission.DUMP" >
107-->[androidx.profileinstaller:profileinstaller:1.3.1] AndroidManifest.xml:39:13-57
108            <intent-filter>
108-->[androidx.profileinstaller:profileinstaller:1.3.1] AndroidManifest.xml:40:13-42:29
109                <action android:name="androidx.profileinstaller.action.INSTALL_PROFILE" />
109-->[androidx.profileinstaller:profileinstaller:1.3.1] AndroidManifest.xml:41:17-91
109-->[androidx.profileinstaller:profileinstaller:1.3.1] AndroidManifest.xml:41:25-88
110            </intent-filter>
111            <intent-filter>
111-->[androidx.profileinstaller:profileinstaller:1.3.1] AndroidManifest.xml:43:13-45:29
112                <action android:name="androidx.profileinstaller.action.SKIP_FILE" />
112-->[androidx.profileinstaller:profileinstaller:1.3.1] AndroidManifest.xml:44:17-85
112-->[androidx.profileinstaller:profileinstaller:1.3.1] AndroidManifest.xml:44:25-82
113            </intent-filter>
114            <intent-filter>
114-->[androidx.profileinstaller:profileinstaller:1.3.1] AndroidManifest.xml:46:13-48:29
115                <action android:name="androidx.profileinstaller.action.SAVE_PROFILE" />
115-->[androidx.profileinstaller:profileinstaller:1.3.1] AndroidManifest.xml:47:17-88
115-->[androidx.profileinstaller:profileinstaller:1.3.1] AndroidManifest.xml:47:25-85
116            </intent-filter>
117            <intent-filter>
117-->[androidx.profileinstaller:profileinstaller:1.3.1] AndroidManifest.xml:49:13-51:29
118                <action android:name="androidx.profileinstaller.action.BENCHMARK_OPERATION" />
118-->[androidx.profileinstaller:profileinstaller:1.3.1] AndroidManifest.xml:50:17-95
118-->[androidx.profileinstaller:profileinstaller:1.3.1] AndroidManifest.xml:50:25-92
119            </intent-filter>
120        </receiver>
121    </application>
122
123</manifest>